‚ùØ go test -v                                                                                                                      godog-assert/git/assert-does-not-work-with-godog 
=== RUN   TestFeatures
Feature: eat godogs
  In order to be happy
  As a hungry gopher
  I need to be able to eat godogs
=== RUN   TestFeatures/Eat_5_out_of_12

  Scenario: Eat 5 out of 12          # features/godogs.feature:7
    Given there are 12 godogs        # <autogenerated>:1 -> *godogs
    When I eat 5                     # <autogenerated>:1 -> *godogs
    Then there should be 7 remaining # <autogenerated>:1 -> *godogs
=== RUN   TestFeatures/Eat_5_out_of_12#01

  Scenario: Eat 5 out of 12          # features/godogs.feature:13
    Given there are 12 godogs        # <autogenerated>:1 -> *godogs
    When I eat 1                     # <autogenerated>:1 -> *godogs
=== CONT  TestFeatures
    godogs_test.go:52: 
                Error Trace:    godogs_test.go:52
                                                        value.go:556
                                                        value.go:339
                                                        stepdef.go:182
                                                        suite.go:183
                                                        suite.go:393
                                                        suite.go:449
                Error:          Not equal: 
                                expected: 11
                                actual  : 0
                Test:           TestFeatures
                Messages:       expected 0 godogs to be remaining, but there is 11
    Then there should be 0 remaining # <autogenerated>:1 -> *godogs
=== RUN   TestFeatures/Eat_5_out_of_12#02

  Scenario: Eat 5 out of 12           # features/godogs.feature:19
    Given there are 12 godogs         # <autogenerated>:1 -> *godogs
=== CONT  TestFeatures
    godogs_test.go:44: 
                Error Trace:    godogs_test.go:44
                                                        value.go:556
                                                        value.go:339
                                                        stepdef.go:182
                                                        suite.go:183
                                                        suite.go:393
                                                        suite.go:449
                Error:          "20" is not less than "12"
                Test:           TestFeatures
                Messages:       you cannot eat 20 godogs, there are 12 available
    When I eat 20                     # <autogenerated>:1 -> *godogs
=== CONT  TestFeatures/Eat_5_out_of_12#02
    testing.go:1336: test executed panic(nil) or runtime.Goexit: subtest may have called FailNow on a parent test
--- FAIL: TestFeatures (0.01s)
    --- PASS: TestFeatures/Eat_5_out_of_12 (0.00s)
    --- PASS: TestFeatures/Eat_5_out_of_12#01 (0.00s)
    --- FAIL: TestFeatures/Eat_5_out_of_12#02 (0.00s)
FAIL
exit status 1
FAIL    github.com/mirogta/godog-assert 0.830s